<?xml version="1.0" encoding="UTF-8"?>
<!-- Generated by org.testng.reporters.JUnitReportReporter -->
<testsuite hostname="LAPTOP-MAPMQR66" failures="0" tests="1" name="udemyappiummobile.Appium.AppiumBasics" time="4.486" errors="0" timestamp="2022-12-28T12:58:36 CLST" skipped="0">
  <testcase classname="udemyappiummobile.Appium.AppiumBasics" name="WifiSettingsName" time="4.486"/>
  <system-out/>
</testsuite> <!-- udemyappiummobile.Appium.AppiumBasics -->
