<?xml version="1.0" encoding="UTF-8"?>
<!-- Generated by org.testng.reporters.JUnitReportReporter -->
<testsuite hostname="LAPTOP-MAPMQR66" failures="0" tests="1" name="udemyappiummobile.Appium.eCommerce_tc_3" time="32.466" errors="0" timestamp="2022-12-29T10:55:15 CLST" skipped="0">
  <testcase classname="udemyappiummobile.Appium.eCommerce_tc_3" name="FillForm" time="32.466"/>
  <system-out/>
</testsuite> <!-- udemyappiummobile.Appium.eCommerce_tc_3 -->
