<?xml version="1.0" encoding="UTF-8"?>
<!-- Generated by org.testng.reporters.JUnitReportReporter -->
<testsuite hostname="LAPTOP-MAPMQR66" failures="0" tests="1" name="udemyappiummobile.Appium.eCommerce_tc_2" time="17.714" errors="0" timestamp="2022-12-29T10:19:56 CLST" skipped="0">
  <testcase classname="udemyappiummobile.Appium.eCommerce_tc_2" name="FillForm" time="17.714"/>
  <system-out/>
</testsuite> <!-- udemyappiummobile.Appium.eCommerce_tc_2 -->
