<?xml version="1.0" encoding="UTF-8"?>
<!-- Generated by org.testng.reporters.JUnitReportReporter -->
<testsuite hostname="LAPTOP-MAPMQR66" failures="0" tests="1" name="udemyappiummobile.Appium.MiscellanousAppium" time="9.006" errors="0" timestamp="2022-12-28T16:34:56 CLST" skipped="0">
  <testcase classname="udemyappiummobile.Appium.MiscellanousAppium" name="Miscellanous" time="9.006"/>
  <system-out/>
</testsuite> <!-- udemyappiummobile.Appium.MiscellanousAppium -->
