<?xml version="1.0" encoding="UTF-8"?>
<!-- Generated by org.testng.reporters.JUnitReportReporter -->
<testsuite hostname="LAPTOP-MAPMQR66" failures="0" tests="1" name="udemyappiummobile.Appium.eCommerce_tc_1" time="18.054" errors="0" timestamp="2022-12-28T17:55:32 CLST" skipped="0">
  <testcase classname="udemyappiummobile.Appium.eCommerce_tc_1" name="FillForm" time="18.054"/>
  <system-out/>
</testsuite> <!-- udemyappiummobile.Appium.eCommerce_tc_1 -->
