<?xml version="1.0" encoding="UTF-8"?>
<!-- Generated by org.testng.reporters.JUnitReportReporter -->
<testsuite hostname="LAPTOP-MAPMQR66" failures="0" tests="1" name="udemyappiummobile.Appium.LongPress" time="5.814" errors="0" timestamp="2022-12-28T15:09:01 CLST" skipped="0">
  <testcase classname="udemyappiummobile.Appium.LongPress" name="LongPressGesture" time="5.814"/>
  <system-out/>
</testsuite> <!-- udemyappiummobile.Appium.LongPress -->
