<?xml version="1.0" encoding="UTF-8"?>
<!-- Generated by org.testng.reporters.JUnitReportReporter -->
<testsuite hostname="LAPTOP-MAPMQR66" failures="0" tests="1" name="udemyappiummobile.Appium.ScrollDemo" time="4.343" errors="0" timestamp="2022-12-28T15:31:03 CLST" skipped="0">
  <testcase classname="udemyappiummobile.Appium.ScrollDemo" name="ScrollDemoTest" time="4.343"/>
  <system-out/>
</testsuite> <!-- udemyappiummobile.Appium.ScrollDemo -->
