<?xml version="1.0" encoding="UTF-8"?>
<!-- Generated by org.testng.reporters.JUnitReportReporter -->
<testsuite hostname="LAPTOP-MAPMQR66" failures="0" tests="1" name="udemyappiummobile.Appium.DragDropDemo" time="5.801" errors="0" timestamp="2022-12-28T16:14:29 CLST" skipped="0">
  <testcase classname="udemyappiummobile.Appium.DragDropDemo" name="DragDropDemoTest" time="5.801"/>
  <system-out/>
</testsuite> <!-- udemyappiummobile.Appium.DragDropDemo -->
