<?xml version="1.0" encoding="UTF-8"?>
<!-- Generated by org.testng.reporters.JUnitReportReporter -->
<testsuite hostname="LAPTOP-MAPMQR66" failures="0" tests="1" name="org.framkeworkpart.eCommerce_tc_3_Hybrid" time="34.163" errors="0" timestamp="2022-12-30T10:17:44 CLST" skipped="0">
  <testcase classname="org.framkeworkpart.eCommerce_tc_3_Hybrid" name="FillForm" time="34.163"/>
  <system-out/>
</testsuite> <!-- org.framkeworkpart.eCommerce_tc_3_Hybrid -->
